<?xml version="1.0" encoding="UTF-8" ?>
<testsuite tests="40" failures="0" name="runner.RunnerTest" time="0.052" errors="0" skipped="0">
  <properties>
    <property name="java.runtime.name" value="Java(TM) SE Runtime Environment"/>
    <property name="sun.boot.library.path" value="C:\Program Files\Java\jre1.8.0_251\bin"/>
    <property name="java.vm.version" value="25.251-b08"/>
    <property name="java.vm.vendor" value="Oracle Corporation"/>
    <property name="maven.multiModuleProjectDirectory" value="C:\Users\Fabiano Najarro\eclipse-workspace\RestAssuredCucumber"/>
    <property name="java.vendor.url" value="http://java.oracle.com/"/>
    <property name="path.separator" value=";"/>
    <property name="guice.disable.misplaced.annotation.check" value="true"/>
    <property name="java.vm.name" value="Java HotSpot(TM) 64-Bit Server VM"/>
    <property name="file.encoding.pkg" value="sun.io"/>
    <property name="user.script" value=""/>
    <property name="user.country" value="BR"/>
    <property name="sun.java.launcher" value="SUN_STANDARD"/>
    <property name="sun.os.patch.level" value=""/>
    <property name="java.vm.specification.name" value="Java Virtual Machine Specification"/>
    <property name="user.dir" value="C:\Users\Fabiano Najarro\eclipse-workspace\RestAssuredCucumber"/>
    <property name="java.runtime.version" value="1.8.0_251-b08"/>
    <property name="java.awt.graphicsenv" value="sun.awt.Win32GraphicsEnvironment"/>
    <property name="java.endorsed.dirs" value="C:\Program Files\Java\jre1.8.0_251\lib\endorsed"/>
    <property name="os.arch" value="amd64"/>
    <property name="java.io.tmpdir" value="C:\Users\FABIAN~1\AppData\Local\Temp\"/>
    <property name="line.separator" value="
"/>
    <property name="java.vm.specification.vendor" value="Oracle Corporation"/>
    <property name="user.variant" value=""/>
    <property name="os.name" value="Windows 10"/>
    <property name="classworlds.conf" value="C:\Projetos\apache-maven-3.6.3\bin\..\bin\m2.conf"/>
    <property name="sun.jnu.encoding" value="Cp1252"/>
    <property name="java.library.path" value="C:\Program Files\Java\jre1.8.0_251\bin;C:\Windows\Sun\Java\bin;C:\Windows\system32;C:\Windows;C:/Program Files/Java/jre1.8.0_251/bin/server;C:/Program Files/Java/jre1.8.0_251/bin;C:/Program Files/Java/jre1.8.0_251/lib/amd64;C:\Program Files (x86)\Common Files\Oracle\Java\javapath;C:\Python38\Scripts\;C:\Python38\;C:\Windows\system32;C:\Windows;C:\Windows\System32\Wbem;C:\Windows\System32\WindowsPowerShell\v1.0\;C:\Windows\System32\OpenSSH\;C:\Program Files\nodejs\;C:\ProgramData\chocolatey\bin;C:\Program Files\Git\cmd;C:\Users\Fabiano Najarro\.m2\allure-2.7.0\bin;C:\Projetos\apache-maven-3.6.3\bin;C:\Users\Fabiano Najarro\AppData\Local\Microsoft\WindowsApps;C:\Users\Fabiano Najarro\AppData\Local\Programs\Microsoft VS Code\bin;C:\Users\Fabiano Najarro\AppData\Roaming\npm;C:\Projetos\apache-maven-3.6.3\bin;;C:\eclipse-java-2020-03-R-win32-x86_64\eclipse;;."/>
    <property name="maven.conf" value="C:\Projetos\apache-maven-3.6.3\bin\../conf"/>
    <property name="java.specification.name" value="Java Platform API Specification"/>
    <property name="java.class.version" value="52.0"/>
    <property name="sun.management.compiler" value="HotSpot 64-Bit Tiered Compilers"/>
    <property name="os.version" value="10.0"/>
    <property name="library.jansi.path" value="C:\Projetos\apache-maven-3.6.3\bin\..\lib\jansi-native"/>
    <property name="user.home" value="C:\Users\Fabiano Najarro"/>
    <property name="user.timezone" value="America/Sao_Paulo"/>
    <property name="java.awt.printerjob" value="sun.awt.windows.WPrinterJob"/>
    <property name="java.specification.version" value="1.8"/>
    <property name="file.encoding" value="Cp1252"/>
    <property name="user.name" value="Fabiano Najarro"/>
    <property name="java.class.path" value="C:\Projetos\apache-maven-3.6.3\bin\..\boot\plexus-classworlds-2.6.0.jar"/>
    <property name="java.vm.specification.version" value="1.8"/>
    <property name="sun.arch.data.model" value="64"/>
    <property name="java.home" value="C:\Program Files\Java\jre1.8.0_251"/>
    <property name="sun.java.command" value="org.codehaus.plexus.classworlds.launcher.Launcher test"/>
    <property name="java.specification.vendor" value="Oracle Corporation"/>
    <property name="user.language" value="pt"/>
    <property name="awt.toolkit" value="sun.awt.windows.WToolkit"/>
    <property name="java.vm.info" value="mixed mode"/>
    <property name="java.version" value="1.8.0_251"/>
    <property name="java.ext.dirs" value="C:\Program Files\Java\jre1.8.0_251\lib\ext;C:\Windows\Sun\Java\lib\ext"/>
    <property name="sun.boot.class.path" value="C:\Program Files\Java\jre1.8.0_251\lib\resources.jar;C:\Program Files\Java\jre1.8.0_251\lib\rt.jar;C:\Program Files\Java\jre1.8.0_251\lib\sunrsasign.jar;C:\Program Files\Java\jre1.8.0_251\lib\jsse.jar;C:\Program Files\Java\jre1.8.0_251\lib\jce.jar;C:\Program Files\Java\jre1.8.0_251\lib\charsets.jar;C:\Program Files\Java\jre1.8.0_251\lib\jfr.jar;C:\Program Files\Java\jre1.8.0_251\classes"/>
    <property name="sun.stderr.encoding" value="cp850"/>
    <property name="java.vendor" value="Oracle Corporation"/>
    <property name="maven.home" value="C:\Projetos\apache-maven-3.6.3\bin\.."/>
    <property name="file.separator" value="\"/>
    <property name="java.vendor.url.bug" value="http://bugreport.sun.com/bugreport/"/>
    <property name="sun.cpu.endian" value="little"/>
    <property name="sun.io.unicode.encoding" value="UnicodeLittle"/>
    <property name="sun.stdout.encoding" value="cp850"/>
    <property name="sun.desktop" value="windows"/>
    <property name="sun.cpu.isalist" value="amd64"/>
  </properties>
  <testcase classname="Cenário: Incluir conta com sucesso" name="Dado que vou incluir uma conta nova" time="0.001"/>
  <testcase classname="Cenário: Incluir conta com sucesso" name="Quando eu fizer um post na API de contas" time="0"/>
  <testcase classname="Cenário: Incluir conta com sucesso" name="Então valido que o retorno foi 201 e a conta foi inserida com sucesso" time="0"/>
  <testcase classname="Cenário: Incluir conta com sucesso" name="Cenário: Incluir conta com sucesso" time="0.037"/>
  <testcase classname="Cenário: Alterar conta com sucesso" name="Dado que vou alterar uma conta existente" time="0"/>
  <testcase classname="Cenário: Alterar conta com sucesso" name="Quando eu fizer um put na API de contas" time="0"/>
  <testcase classname="Cenário: Alterar conta com sucesso" name="Então valido que o retorno foi 200 e a conta foi alterada com sucesso" time="0"/>
  <testcase classname="Cenário: Alterar conta com sucesso" name="Cenário: Alterar conta com sucesso" time="0.002"/>
  <testcase classname="Cenário: Incluir conta duplicada" name="Dado que vou incluir uma conta já existente" time="0"/>
  <testcase classname="Cenário: Incluir conta duplicada" name="Quando eu fizer um post na API de contas" time="0"/>
  <testcase classname="Cenário: Incluir conta duplicada" name="Então valido que o retorno foi 400 e a conta não foi inserida por duplicidade" time="0"/>
  <testcase classname="Cenário: Incluir conta duplicada" name="Cenário: Incluir conta duplicada" time="0.002"/>
  <testcase classname="Cenário: Inserir movimentação com sucesso" name="Dado que vou inserir uma nova movimentação" time="0"/>
  <testcase classname="Cenário: Inserir movimentação com sucesso" name="Quando eu fizer um post na API de movimentações" time="0"/>
  <testcase classname="Cenário: Inserir movimentação com sucesso" name="Então valido que o retorno foi 201 e a movimentação foi inserida com sucesso" time="0.001"/>
  <testcase classname="Cenário: Inserir movimentação com sucesso" name="Cenário: Inserir movimentação com sucesso" time="0.003"/>
  <testcase classname="Cenário: Validar campos obrigatórios" name="Dado que vou inserir uma nova movimentação com todos os campos em branco" time="0"/>
  <testcase classname="Cenário: Validar campos obrigatórios" name="Quando eu fizer um post na API de movimentações" time="0"/>
  <testcase classname="Cenário: Validar campos obrigatórios" name="Então valido que o retorno foi 400" time="0"/>
  <testcase classname="Cenário: Validar campos obrigatórios" name="E retornou mensagens de obrigatoriedade" time="0"/>
  <testcase classname="Cenário: Validar campos obrigatórios" name="Cenário: Validar campos obrigatórios" time="0.002"/>
  <testcase classname="Cenário: Inserir movimentação com data futura" name="Dado que vou inserir uma nova movimentação com data futura" time="0"/>
  <testcase classname="Cenário: Inserir movimentação com data futura" name="Quando eu fizer um post na API de movimentações" time="0"/>
  <testcase classname="Cenário: Inserir movimentação com data futura" name="Então valido que o retorno foi 400" time="0"/>
  <testcase classname="Cenário: Inserir movimentação com data futura" name="E valido a mensagem de erro referente a data futura" time="0"/>
  <testcase classname="Cenário: Inserir movimentação com data futura" name="Cenário: Inserir movimentação com data futura" time="0.001"/>
  <testcase classname="Cenário: Remover conta com movimentação" name="Dado que vou remover uma conta que tenha movimentação" time="0"/>
  <testcase classname="Cenário: Remover conta com movimentação" name="Quando eu fizer um delete na API de contas" time="0"/>
  <testcase classname="Cenário: Remover conta com movimentação" name="Então valido que o retorno foi 500" time="0"/>
  <testcase classname="Cenário: Remover conta com movimentação" name="E valido que a conta não pode ser removida" time="0"/>
  <testcase classname="Cenário: Remover conta com movimentação" name="Cenário: Remover conta com movimentação" time="0.001"/>
  <testcase classname="Cenário: Remover movimentação com sucesso" name="Dado que vou remover uma movimentação" time="0"/>
  <testcase classname="Cenário: Remover movimentação com sucesso" name="Quando eu fizer um delete na API de transações" time="0"/>
  <testcase classname="Cenário: Remover movimentação com sucesso" name="Então valido que o retorno foi 204" time="0"/>
  <testcase classname="Cenário: Remover movimentação com sucesso" name="Cenário: Remover movimentação com sucesso" time="0.001"/>
  <testcase classname="Cenário: Calcular saldo das contas" name="Dado que vou calcular o saldo das contas" time="0"/>
  <testcase classname="Cenário: Calcular saldo das contas" name="Quando eu fizer um get na API de saldos" time="0"/>
  <testcase classname="Cenário: Calcular saldo das contas" name="Então valido que o cód de retorno foi 200" time="0"/>
  <testcase classname="Cenário: Calcular saldo das contas" name="E valido o saldo atual da conta" time="0"/>
  <testcase classname="Cenário: Calcular saldo das contas" name="Cenário: Calcular saldo das contas" time="0.001"/>
</testsuite>